# JRE version: Java(TM) SE Runtime Environment (7.0_71-b14) (build 1.7.0_71-b14)
# Java VM: Java HotSpot(TM) 64-Bit Server VM (24.71-b01 mixed mode linux-amd64 compressed oops)
Heap
 PSYoungGen      total 337408K, used 192436K [0x00000000e3000000, 0x0000000100000000, 0x0000000100000000)
  eden space 232448K, 82% used [0x00000000e3000000,0x00000000eebed3b8,0x00000000f1300000)
  from space 104960K, 0% used [0x00000000f9980000,0x00000000f9980000,0x0000000100000000)
  to   space 121344K, 0% used [0x00000000f1300000,0x00000000f1300000,0x00000000f8980000)
 ParOldGen       total 710656K, used 435084K [0x00000000a9000000, 0x00000000d4600000, 0x00000000e3000000)
  object space 710656K, 61% used [0x00000000a9000000,0x00000000c38e31a0,0x00000000d4600000)
 PSPermGen       total 45568K, used 28600K [0x00000000a3e00000, 0x00000000a6a80000, 0x00000000a9000000)
  object space 45568K, 62% used [0x00000000a3e00000,0x00000000a59ee298,0x00000000a6a80000)
GC Heap History (10 events):
Event: 346.873 GC heap before
{Heap before GC invocations=27 (full 7):
 PSYoungGen      total 377856K, used 287232K [0x00000000e3000000, 0x00000000ffe80000, 0x0000000100000000)
  eden space 287232K, 100% used [0x00000000e3000000,0x00000000f4880000,0x00000000f4880000)
  from space 90624K, 0% used [0x00000000f4880000,0x00000000f4880000,0x00000000fa100000)
  to   space 87040K, 0% used [0x00000000fa980000,0x00000000fa980000,0x00000000ffe80000)
 ParOldGen       total 512512K, used 236630K [0x00000000a9000000, 0x00000000c8480000, 0x00000000e3000000)
  object space 512512K, 46% used [0x00000000a9000000,0x00000000b7715b30,0x00000000c8480000)
 PSPermGen       total 50688K, used 28592K [0x00000000a3e00000, 0x00000000a6f80000, 0x00000000a9000000)
  object space 50688K, 56% used [0x00000000a3e00000,0x00000000a59ec1b0,0x00000000a6f80000)
Event: 346.934 GC heap after
Heap after GC invocations=27 (full 7):
 PSYoungGen      total 355328K, used 87037K [0x00000000e3000000, 0x0000000100000000, 0x0000000100000000)
  eden space 268288K, 0% used [0x00000000e3000000,0x00000000e3000000,0x00000000f3600000)
  from space 87040K, 99% used [0x00000000fa980000,0x00000000ffe7f7f0,0x00000000ffe80000)
  to   space 103424K, 0% used [0x00000000f3600000,0x00000000f3600000,0x00000000f9b00000)
 ParOldGen       total 512512K, used 238814K [0x00000000a9000000, 0x00000000c8480000, 0x00000000e3000000)
  object space 512512K, 46% used [0x00000000a9000000,0x00000000b7937a10,0x00000000c8480000)
 PSPermGen       total 50688K, used 28592K [0x00000000a3e00000, 0x00000000a6f80000, 0x00000000a9000000)
  object space 50688K, 56% used [0x00000000a3e00000,0x00000000a59ec1b0,0x00000000a6f80000)
}
Event: 347.238 GC heap before
{Heap before GC invocations=28 (full 7):
 PSYoungGen      total 355328K, used 355325K [0x00000000e3000000, 0x0000000100000000, 0x0000000100000000)
  eden space 268288K, 100% used [0x00000000e3000000,0x00000000f3600000,0x00000000f3600000)
  from space 87040K, 99% used [0x00000000fa980000,0x00000000ffe7f7f0,0x00000000ffe80000)
  to   space 103424K, 0% used [0x00000000f3600000,0x00000000f3600000,0x00000000f9b00000)
 ParOldGen       total 512512K, used 238814K [0x00000000a9000000, 0x00000000c8480000, 0x00000000e3000000)
  object space 512512K, 46% used [0x00000000a9000000,0x00000000b7937a10,0x00000000c8480000)
 PSPermGen       total 50688K, used 28596K [0x00000000a3e00000, 0x00000000a6f80000, 0x00000000a9000000)
  object space 50688K, 56% used [0x00000000a3e00000,0x00000000a59ed0c8,0x00000000a6f80000)
Event: 347.293 GC heap after
Heap after GC invocations=28 (full 7):
 PSYoungGen      total 324608K, used 56316K [0x00000000e3000000, 0x0000000100000000, 0x0000000100000000)
  eden space 268288K, 0% used [0x00000000e3000000,0x00000000e3000000,0x00000000f3600000)
  from space 56320K, 99% used [0x00000000f3600000,0x00000000f6cff0b8,0x00000000f6d00000)
  to   space 104960K, 0% used [0x00000000f9980000,0x00000000f9980000,0x0000000100000000)
 ParOldGen       total 512512K, used 327080K [0x00000000a9000000, 0x00000000c8480000, 0x00000000e3000000)
  object space 512512K, 63% used [0x00000000a9000000,0x00000000bcf6a1b8,0x00000000c8480000)
 PSPermGen       total 50688K, used 28596K [0x00000000a3e00000, 0x00000000a6f80000, 0x00000000a9000000)
  object space 50688K, 56% used [0x00000000a3e00000,0x00000000a59ed0c8,0x00000000a6f80000)
}
Event: 347.293 GC heap before
{Heap before GC invocations=29 (full 8):
 PSYoungGen      total 324608K, used 56316K [0x00000000e3000000, 0x0000000100000000, 0x0000000100000000)
  eden space 268288K, 0% used [0x00000000e3000000,0x00000000e3000000,0x00000000f3600000)
  from space 56320K, 99% used [0x00000000f3600000,0x00000000f6cff0b8,0x00000000f6d00000)
  to   space 104960K, 0% used [0x00000000f9980000,0x00000000f9980000,0x0000000100000000)
 ParOldGen       total 512512K, used 327080K [0x00000000a9000000, 0x00000000c8480000, 0x00000000e3000000)
  object space 512512K, 63% used [0x00000000a9000000,0x00000000bcf6a1b8,0x00000000c8480000)
 PSPermGen       total 50688K, used 28596K [0x00000000a3e00000, 0x00000000a6f80000, 0x00000000a9000000)
  object space 50688K, 56% used [0x00000000a3e00000,0x00000000a59ed0c8,0x00000000a6f80000)
Event: 347.558 GC heap after
Heap after GC invocations=29 (full 8):
 PSYoungGen      total 324608K, used 0K [0x00000000e3000000, 0x0000000100000000, 0x0000000100000000)
  eden space 268288K, 0% used [0x00000000e3000000,0x00000000e3000000,0x00000000f3600000)
  from space 56320K, 0% used [0x00000000f3600000,0x00000000f3600000,0x00000000f6d00000)
  to   space 104960K, 0% used [0x00000000f9980000,0x00000000f9980000,0x0000000100000000)
 ParOldGen       total 560128K, used 285683K [0x00000000a9000000, 0x00000000cb300000, 0x00000000e3000000)
  object space 560128K, 51% used [0x00000000a9000000,0x00000000ba6fcc70,0x00000000cb300000)
 PSPermGen       total 48128K, used 28596K [0x00000000a3e00000, 0x00000000a6d00000, 0x00000000a9000000)
  object space 48128K, 59% used [0x00000000a3e00000,0x00000000a59ed0a8,0x00000000a6d00000)
}
Event: 347.800 GC heap before
{Heap before GC invocations=30 (full 8):
 PSYoungGen      total 324608K, used 268288K [0x00000000e3000000, 0x0000000100000000, 0x0000000100000000)
  eden space 268288K, 100% used [0x00000000e3000000,0x00000000f3600000,0x00000000f3600000)
  from space 56320K, 0% used [0x00000000f3600000,0x00000000f3600000,0x00000000f6d00000)
  to   space 104960K, 0% used [0x00000000f9980000,0x00000000f9980000,0x0000000100000000)
 ParOldGen       total 560128K, used 285683K [0x00000000a9000000, 0x00000000cb300000, 0x00000000e3000000)
  object space 560128K, 51% used [0x00000000a9000000,0x00000000ba6fcc70,0x00000000cb300000)
 PSPermGen       total 48128K, used 28596K [0x00000000a3e00000, 0x00000000a6d00000, 0x00000000a9000000)
  object space 48128K, 59% used [0x00000000a3e00000,0x00000000a59ed268,0x00000000a6d00000)
Event: 347.820 GC heap after
Heap after GC invocations=30 (full 8):
 PSYoungGen      total 337408K, used 99608K [0x00000000e3000000, 0x0000000100000000, 0x0000000100000000)
  eden space 232448K, 0% used [0x00000000e3000000,0x00000000e3000000,0x00000000f1300000)
  from space 104960K, 94% used [0x00000000f9980000,0x00000000ffac6010,0x0000000100000000)
  to   space 121344K, 0% used [0x00000000f1300000,0x00000000f1300000,0x00000000f8980000)
 ParOldGen       total 560128K, used 285683K [0x00000000a9000000, 0x00000000cb300000, 0x00000000e3000000)
  object space 560128K, 51% used [0x00000000a9000000,0x00000000ba6fcc70,0x00000000cb300000)
 PSPermGen       total 48128K, used 28596K [0x00000000a3e00000, 0x00000000a6d00000, 0x00000000a9000000)
  object space 48128K, 59% used [0x00000000a3e00000,0x00000000a59ed268,0x00000000a6d00000)
}
Event: 351.041 GC heap before
{Heap before GC invocations=31 (full 9):
 PSYoungGen      total 337408K, used 332056K [0x00000000e3000000, 0x0000000100000000, 0x0000000100000000)
  eden space 232448K, 100% used [0x00000000e3000000,0x00000000f1300000,0x00000000f1300000)
  from space 104960K, 94% used [0x00000000f9980000,0x00000000ffac6010,0x0000000100000000)
  to   space 121344K, 0% used [0x00000000f1300000,0x00000000f1300000,0x00000000f8980000)
 ParOldGen       total 560128K, used 484643K [0x00000000a9000000, 0x00000000cb300000, 0x00000000e3000000)
  object space 560128K, 86% used [0x00000000a9000000,0x00000000c6948c80,0x00000000cb300000)
 PSPermGen       total 48128K, used 28600K [0x00000000a3e00000, 0x00000000a6d00000, 0x00000000a9000000)
  object space 48128K, 59% used [0x00000000a3e00000,0x00000000a59ee298,0x00000000a6d00000)
Event: 351.227 GC heap after
Heap after GC invocations=31 (full 9):
 PSYoungGen      total 337408K, used 0K [0x00000000e3000000, 0x0000000100000000, 0x0000000100000000)
  eden space 232448K, 0% used [0x00000000e3000000,0x00000000e3000000,0x00000000f1300000)
  from space 104960K, 0% used [0x00000000f9980000,0x00000000f9980000,0x0000000100000000)
  to   space 121344K, 0% used [0x00000000f1300000,0x00000000f1300000,0x00000000f8980000)
 ParOldGen       total 710656K, used 435084K [0x00000000a9000000, 0x00000000d4600000, 0x00000000e3000000)
  object space 710656K, 61% used [0x00000000a9000000,0x00000000c38e31a0,0x00000000d4600000)
 PSPermGen       total 45568K, used 28600K [0x00000000a3e00000, 0x00000000a6a80000, 0x00000000a9000000)
  object space 45568K, 62% used [0x00000000a3e00000,0x00000000a59ee298,0x00000000a6a80000)
}

